<?xml version="1.0" encoding="UTF-8"?>
<testng-results ignored="0" total="4" passed="4" failed="0" skipped="0">
  <reporter-output>
  </reporter-output>
  <suite started-at="2020-12-09T13:46:11 CET" name="Test Suite" finished-at="2020-12-09T13:46:42 CET" duration-ms="31172">
    <groups>
    </groups>
    <test started-at="2020-12-09T13:46:11 CET" name="User Tests" finished-at="2020-12-09T13:46:42 CET" duration-ms="31172">
      <class name="PrimerTest">
        <test-method signature="bbcMundo()[pri:0, instance:PrimerTest@2ba45490]" started-at="2020-12-09T13:46:26 CET" name="bbcMundo" finished-at="2020-12-09T13:46:34 CET" duration-ms="8423" status="PASS">
          <reporter-output>
          </reporter-output>
        </test-method> <!-- bbcMundo -->
        <test-method signature="spotifyTest()[pri:0, instance:PrimerTest@2ba45490]" started-at="2020-12-09T13:46:34 CET" name="spotifyTest" finished-at="2020-12-09T13:46:38 CET" duration-ms="3650" status="PASS">
          <reporter-output>
          </reporter-output>
        </test-method> <!-- spotifyTest -->
        <test-method signature="testing()[pri:0, instance:PrimerTest@2ba45490]" started-at="2020-12-09T13:46:38 CET" name="testing" finished-at="2020-12-09T13:46:42 CET" duration-ms="3792" status="PASS">
          <reporter-output>
          </reporter-output>
        </test-method> <!-- testing -->
      </class> <!-- PrimerTest -->
      <class name="GoogleTest">
        <test-method signature="getTitleTest()[pri:0, instance:GoogleTest@df4b72]" started-at="2020-12-09T13:46:11 CET" name="getTitleTest" description="Busqueda en Google, acceso a bandcamp y al album demos" finished-at="2020-12-09T13:46:26 CET" duration-ms="15058" status="PASS">
          <reporter-output>
          </reporter-output>
        </test-method> <!-- getTitleTest -->
      </class> <!-- GoogleTest -->
    </test> <!-- User Tests -->
  </suite> <!-- Test Suite -->
</testng-results>
