<?xml version="1.0" encoding="UTF-8"?>
<testng-results ignored="0" total="4" passed="4" failed="0" skipped="0">
  <reporter-output>
  </reporter-output>
  <suite started-at="2020-12-11T09:18:33 CET" name="Test Suite" finished-at="2020-12-11T09:19:03 CET" duration-ms="29632">
    <groups>
    </groups>
    <test started-at="2020-12-11T09:18:33 CET" name="User Tests" finished-at="2020-12-11T09:19:03 CET" duration-ms="29632">
      <class name="PrimerTest">
        <test-method signature="bbcMundo()[pri:0, instance:PrimerTest@37ff4054]" started-at="2020-12-11T09:18:48 CET" name="bbcMundo" finished-at="2020-12-11T09:18:56 CET" duration-ms="7781" status="PASS">
          <reporter-output>
          </reporter-output>
        </test-method> <!-- bbcMundo -->
        <test-method signature="spotifyTest()[pri:0, instance:PrimerTest@37ff4054]" started-at="2020-12-11T09:18:56 CET" name="spotifyTest" finished-at="2020-12-11T09:18:59 CET" duration-ms="3171" status="PASS">
          <reporter-output>
          </reporter-output>
        </test-method> <!-- spotifyTest -->
        <test-method signature="testing()[pri:0, instance:PrimerTest@37ff4054]" started-at="2020-12-11T09:18:59 CET" name="testing" finished-at="2020-12-11T09:19:03 CET" duration-ms="3638" status="PASS">
          <reporter-output>
          </reporter-output>
        </test-method> <!-- testing -->
      </class> <!-- PrimerTest -->
      <class name="GoogleTest">
        <test-method signature="getTitleTest()[pri:0, instance:GoogleTest@2ba45490]" started-at="2020-12-11T09:18:33 CET" name="getTitleTest" description="Busqueda en Google, acceso a bandcamp y al album demos" finished-at="2020-12-11T09:18:48 CET" duration-ms="14657" status="PASS">
          <reporter-output>
          </reporter-output>
        </test-method> <!-- getTitleTest -->
      </class> <!-- GoogleTest -->
    </test> <!-- User Tests -->
  </suite> <!-- Test Suite -->
</testng-results>
