<?xml version="1.0" encoding="UTF-8"?>
<!-- Generated by org.testng.reporters.JUnitXMLReporter -->
<testsuite ignored="0" hostname="MacBook-Pro-de-Diego.local" failures="0" tests="4" name="User Tests" time="29.632" errors="0" timestamp="2020-12-11T09:19:03 CET">
  <testcase classname="GoogleTest" name="getTitleTest" time="14.657"/>
  <testcase classname="PrimerTest" name="bbcMundo" time="7.781"/>
  <testcase classname="PrimerTest" name="spotifyTest" time="3.171"/>
  <testcase classname="PrimerTest" name="testing" time="3.638"/>
</testsuite> <!-- User Tests -->
