<?xml version="1.0" encoding="UTF-8"?>
<!-- Generated by org.testng.reporters.JUnitXMLReporter -->
<testsuite ignored="0" hostname="MacBook-Pro-de-Diego.local" failures="0" tests="4" name="User Tests" time="31.172" errors="0" timestamp="2020-12-09T13:46:42 CET">
  <testcase classname="GoogleTest" name="getTitleTest" time="15.058"/>
  <testcase classname="PrimerTest" name="bbcMundo" time="8.423"/>
  <testcase classname="PrimerTest" name="spotifyTest" time="3.65"/>
  <testcase classname="PrimerTest" name="testing" time="3.792"/>
</testsuite> <!-- User Tests -->
